Starting a Gradle Daemon, 2 incompatible and 4 stopped Daemons could not be reused, use --status for details
> Task :compileJava
> Task :processResources UP-TO-DATE
> Task :classes
> Task :resolveMainClassName

> Task :bootRun

  .   ____          _            __ _ _
 /\\ / ___'_ __ _ _(_)_ __  __ _ \ \ \ \
( ( )\___ | '_ | '_| | '_ \/ _` | \ \ \ \
 \\/  ___)| |_)| | | | | || (_| |  ) ) ) )
  '  |____| .__|_| |_|_| |_\__, | / / / /
 =========|_|==============|___/=/_/_/_/

 :: Spring Boot ::                (v4.0.2)

2026-03-23T20:27:27.563+05:30  INFO 24352 --- [saloonX] [           main] com.saloonx.saloonx.SalonXApplication    : Starting SalonXApplication using Java 24.0.1 with PID 24352 (C:\Users\USER\Desktop\salonX T\salonX T\salonX\salonX\build\classes\java\main started by USER in C:\Users\USER\Desktop\salonX T\salonX T\salonX\salonX)
2026-03-23T20:27:27.566+05:30  INFO 24352 --- [saloonX] [           main] com.saloonx.saloonx.SalonXApplication    : No active profile set, falling back to 1 default profile: "default"
2026-03-23T20:27:28.242+05:30  INFO 24352 --- [saloonX] [           main] .s.d.r.c.RepositoryConfigurationDelegate : Bootstrapping Spring Data JPA repositories in DEFAULT mode.
2026-03-23T20:27:28.311+05:30  INFO 24352 --- [saloonX] [           main] .s.d.r.c.RepositoryConfigurationDelegate : Finished Spring Data repository scanning in 61 ms. Found 13 JPA repository interfaces.
2026-03-23T20:27:28.797+05:30  INFO 24352 --- [saloonX] [           main] o.s.boot.tomcat.TomcatWebServer          : Tomcat initialized with port 8080 (http)
2026-03-23T20:27:28.810+05:30  INFO 24352 --- [saloonX] [           main] o.apache.catalina.core.StandardService   : Starting service [Tomcat]
2026-03-23T20:27:28.810+05:30  INFO 24352 --- [saloonX] [           main] o.apache.catalina.core.StandardEngine    : Starting Servlet engine: [Apache Tomcat/11.0.15]
2026-03-23T20:27:28.868+05:30  INFO 24352 --- [saloonX] [           main] b.w.c.s.WebApplicationContextInitializer : Root WebApplicationContext: initialization completed in 1259 ms
2026-03-23T20:27:29.018+05:30  INFO 24352 --- [saloonX] [           main] org.hibernate.orm.jpa                    : HHH008540: Processing PersistenceUnitInfo [name: default]
2026-03-23T20:27:29.097+05:30  INFO 24352 --- [saloonX] [           main] org.hibernate.orm.core                   : HHH000001: Hibernate ORM core version 7.2.1.Final
2026-03-23T20:27:29.615+05:30  INFO 24352 --- [saloonX] [           main] o.s.o.j.p.SpringPersistenceUnitInfo      : No LoadTimeWeaver setup: ignoring JPA class transformer
2026-03-23T20:27:29.655+05:30  INFO 24352 --- [saloonX] [           main] com.zaxxer.hikari.HikariDataSource       : HikariPool-1 - Starting...
2026-03-23T20:27:30.215+05:30  INFO 24352 --- [saloonX] [           main] com.zaxxer.hikari.pool.HikariPool        : HikariPool-1 - Added connection com.mysql.cj.jdbc.ConnectionImpl@41abee65
2026-03-23T20:27:30.218+05:30  INFO 24352 --- [saloonX] [           main] com.zaxxer.hikari.HikariDataSource       : HikariPool-1 - Start completed.
2026-03-23T20:27:30.306+05:30  WARN 24352 --- [saloonX] [           main] org.hibernate.orm.deprecation            : HHH90000025: MySQLDialect does not need to be specified explicitly using 'hibernate.dialect' (remove the property setting and it will be selected by default)
2026-03-23T20:27:30.333+05:30  INFO 24352 --- [saloonX] [           main] org.hibernate.orm.connections.pooling    : HHH10001005: Database info:
	Database JDBC URL [jdbc:mysql://localhost:3306/salonoskidb]
	Database driver: MySQL Connector/J
	Database dialect: MySQLDialect
	Database version: 8.0.44
	Default catalog/schema: salonoskidb/undefined
	Autocommit mode: undefined/unknown
	Isolation level: REPEATABLE_READ [default REPEATABLE_READ]
	JDBC fetch size: none
	Pool: DataSourceConnectionProvider
	Minimum pool size: undefined/unknown
	Maximum pool size: undefined/unknown
2026-03-23T20:27:32.205+05:30  INFO 24352 --- [saloonX] [           main] org.hibernate.orm.core                   : HHH000489: No JTA platform available (set 'hibernate.transaction.jta.platform' to enable JTA platform integration)
2026-03-23T20:27:32.311+05:30  INFO 24352 --- [saloonX] [           main] j.LocalContainerEntityManagerFactoryBean : Initialized JPA EntityManagerFactory for persistence unit 'default'
2026-03-23T20:27:32.426+05:30  INFO 24352 --- [saloonX] [           main] o.s.d.j.r.query.QueryEnhancerFactories   : Hibernate is in classpath; If applicable, HQL parser will be used.
2026-03-23T20:27:34.348+05:30  WARN 24352 --- [saloonX] [           main] JpaBaseConfiguration$JpaWebConfiguration : spring.jpa.open-in-view is enabled by default. Therefore, database queries may be performed during view rendering. Explicitly configure spring.jpa.open-in-view to disable this warning
2026-03-23T20:27:34.408+05:30  INFO 24352 --- [saloonX] [           main] eAuthenticationProviderManagerConfigurer : Global AuthenticationManager configured with AuthenticationProvider bean with name authenticationProvider
2026-03-23T20:27:34.408+05:30  WARN 24352 --- [saloonX] [           main] r$InitializeUserDetailsManagerConfigurer : Global AuthenticationManager configured with an AuthenticationProvider bean. UserDetailsService beans will not be used by Spring Security for automatically configuring username/password login. Consider removing the AuthenticationProvider bean. Alternatively, consider using the UserDetailsService in a manually instantiated DaoAuthenticationProvider. If the current configuration is intentional, to turn off this warning, increase the logging level of 'org.springframework.security.config.annotation.authentication.configuration.InitializeUserDetailsBeanManagerConfigurer' to ERROR
2026-03-23T20:27:34.553+05:30  INFO 24352 --- [saloonX] [           main] o.s.b.w.a.WelcomePageHandlerMapping      : Adding welcome page template: index
2026-03-23T20:27:34.798+05:30  INFO 24352 --- [saloonX] [           main] o.s.boot.tomcat.TomcatWebServer          : Tomcat started on port 8080 (http) with context path '/'
2026-03-23T20:27:34.804+05:30  INFO 24352 --- [saloonX] [           main] com.saloonx.saloonx.SalonXApplication    : Started SalonXApplication in 7.616 seconds (process running for 8.079)
